<?xml version="1.0" encoding="UTF-8"?>
<!-- Generated by org.testng.reporters.JUnitReportReporter -->
<testsuite hostname="DESKTOP-JLIU7KA" failures="0" tests="1" name="com.oib.testscripts.TC01" time="32.679" errors="0" timestamp="16 Sep 2022 06:42:34 GMT">
  <testcase classname="com.oib.testscripts.TC01" name="tc001" time="32.679"/>
</testsuite> <!-- com.oib.testscripts.TC01 -->
